01/18 18:18:47.020: [gmm] INFO: IEF --- ASSOCIATION --- SUPI=[imsi-999700154321050], 5G-S_GUTI={AMF_ID:[0x20040],M_TMSI:[0xfc00a00d]}, SUCI=[suci-0-999-70-0000-0-0-0154321050], nCGI={pLMNID:[99f907], nCI:[0x10]}, nCGITime=[2023-01-18T17:18:47.001958Z], tAI={pLMNID:[99f907],tAC:[1]}, pEI=[imeisv-4370816125816151], fiveGSTAIList=[32, 153, 249, 7, 0, 0, 1] (../src/amf/gmm-build.c:183)
01/18 18:18:47.227: [gmm] INFO: [imsi-999700154321050] Registration complete (../src/amf/gmm-sm.c:1411)
01/18 18:18:47.227: [amf] INFO: [imsi-999700154321050] Configuration update command (../src/amf/nas-path.c:435)
01/18 18:18:47.227: [gmm] INFO:     UTC [2023-01-18T17:18:47] Timezone[0]/DST[0] (../src/amf/gmm-build.c:574)
01/18 18:18:47.227: [gmm] INFO:     LOCAL [2023-01-18T18:18:47] Timezone[3600]/DST[0] (../src/amf/gmm-build.c:579)
01/18 18:18:47.228: [amf] INFO: [Added] Number of AMF-Sessions is now 1 (../src/amf/context.c:2343)
01/18 18:18:47.228: [gmm] INFO: UE SUPI[imsi-999700154321050] DNN[internet] S_NSSAI[SST:1 SD:0xffffff] (../src/amf/gmm-handler.c:1084)
01/18 18:20:42.536: [amf] INFO: InitialUEMessage (../src/amf/ngap-handler.c:361)
01/18 18:20:42.536: [amf] INFO: [Added] Number of gNB-UEs is now 2 (../src/amf/context.c:2322)
01/18 18:20:42.536: [amf] INFO:     RAN_UE_NGAP_ID[2] AMF_UE_NGAP_ID[2] TAC[1] CellID[0x10] (../src/amf/ngap-handler.c:515)
01/18 18:20:42.536: [amf] INFO: [suci-0-999-70-0000-0-0-0154321058] Unknown UE by SUCI (../src/amf/context.c:1629)
01/18 18:20:42.536: [amf] INFO: [Added] Number of AMF-UEs is now 2 (../src/amf/context.c:1419)
01/18 18:20:42.536: [gmm] INFO: Registration request (../src/amf/gmm-sm.c:544)
01/18 18:20:42.536: [gmm] INFO: [suci-0-999-70-0000-0-0-0154321058]    SUCI (../src/amf/gmm-handler.c:149)
01/18 18:20:42.540: [amf] INFO: InitialUEMessage (../src/amf/ngap-handler.c:361)
01/18 18:20:42.540: [amf] INFO: [Added] Number of gNB-UEs is now 3 (../src/amf/context.c:2322)
01/18 18:20:42.540: [amf] INFO:     RAN_UE_NGAP_ID[3] AMF_UE_NGAP_ID[3] TAC[1] CellID[0x10] (../src/amf/ngap-handler.c:515)
01/18 18:20:42.540: [amf] INFO: [suci-0-999-70-0000-0-0-0154321054] Unknown UE by SUCI (../src/amf/context.c:1629)
01/18 18:20:42.540: [amf] INFO: [Added] Number of AMF-UEs is now 3 (../src/amf/context.c:1419)
01/18 18:20:42.540: [gmm] INFO: Registration request (../src/amf/gmm-sm.c:544)
01/18 18:20:42.540: [gmm] INFO: [suci-0-999-70-0000-0-0-0154321054]    SUCI (../src/amf/gmm-handler.c:149)
01/18 18:20:42.541: [amf] INFO: InitialUEMessage (../src/amf/ngap-handler.c:361)
01/18 18:20:42.541: [amf] INFO: [Added] Number of gNB-UEs is now 4 (../src/amf/context.c:2322)
01/18 18:20:42.541: [amf] INFO:     RAN_UE_NGAP_ID[4] AMF_UE_NGAP_ID[4] TAC[1] CellID[0x10] (../src/amf/ngap-handler.c:515)
01/18 18:20:42.541: [amf] INFO: [suci-0-999-70-0000-0-0-0154321052] Unknown UE by SUCI (../src/amf/context.c:1629)
01/18 18:20:42.541: [amf] INFO: [Added] Number of AMF-UEs is now 4 (../src/amf/context.c:1419)
01/18 18:20:42.541: [gmm] INFO: Registration request (../src/amf/gmm-sm.c:544)
01/18 18:20:42.541: [gmm] INFO: [suci-0-999-70-0000-0-0-0154321052]    SUCI (../src/amf/gmm-handler.c:149)
01/18 18:20:42.541: [amf] INFO: InitialUEMessage (../src/amf/ngap-handler.c:361)
01/18 18:20:42.541: [amf] INFO: [Added] Number of gNB-UEs is now 5 (../src/amf/context.c:2322)
01/18 18:20:42.541: [amf] INFO:     RAN_UE_NGAP_ID[5] AMF_UE_NGAP_ID[5] TAC[1] CellID[0x10] (../src/amf/ngap-handler.c:515)
01/18 18:20:42.541: [amf] INFO: [suci-0-999-70-0000-0-0-0154321057] Unknown UE by SUCI (../src/amf/context.c:1629)
01/18 18:20:42.541: [amf] INFO: [Added] Number of AMF-UEs is now 5 (../src/amf/context.c:1419)
01/18 18:20:42.541: [gmm] INFO: Registration request (../src/amf/gmm-sm.c:544)
01/18 18:20:42.541: [gmm] INFO: [suci-0-999-70-0000-0-0-0154321057]    SUCI (../src/amf/gmm-handler.c:149)
01/18 18:20:42.545: [amf] INFO: InitialUEMessage (../src/amf/ngap-handler.c:361)
01/18 18:20:42.546: [amf] INFO: [Added] Number of gNB-UEs is now 6 (../src/amf/context.c:2322)
01/18 18:20:42.546: [amf] INFO:     RAN_UE_NGAP_ID[6] AMF_UE_NGAP_ID[6] TAC[1] CellID[0x10] (../src/amf/ngap-handler.c:515)
01/18 18:20:42.546: [amf] INFO: [suci-0-999-70-0000-0-0-0154321055] Unknown UE by SUCI (../src/amf/context.c:1629)
01/18 18:20:42.546: [amf] INFO: [Added] Number of AMF-UEs is now 6 (../src/amf/context.c:1419)
01/18 18:20:42.546: [gmm] INFO: Registration request (../src/amf/gmm-sm.c:544)
01/18 18:20:42.546: [gmm] INFO: [suci-0-999-70-0000-0-0-0154321055]    SUCI (../src/amf/gmm-handler.c:149)
01/18 18:20:42.546: [amf] INFO: InitialUEMessage (../src/amf/ngap-handler.c:361)
01/18 18:20:42.546: [amf] INFO: [Added] Number of gNB-UEs is now 7 (../src/amf/context.c:2322)
01/18 18:20:42.546: [amf] INFO:     RAN_UE_NGAP_ID[7] AMF_UE_NGAP_ID[7] TAC[1] CellID[0x10] (../src/amf/ngap-handler.c:515)
01/18 18:20:42.546: [amf] INFO: [suci-0-999-70-0000-0-0-0154321056] Unknown UE by SUCI (../src/amf/context.c:1629)
01/18 18:20:42.546: [amf] INFO: [Added] Number of AMF-UEs is now 7 (../src/amf/context.c:1419)
01/18 18:20:42.546: [gmm] INFO: Registration request (../src/amf/gmm-sm.c:544)
01/18 18:20:42.546: [gmm] INFO: [suci-0-999-70-0000-0-0-0154321056]    SUCI (../src/amf/gmm-handler.c:149)
01/18 18:20:42.548: [amf] INFO: InitialUEMessage (../src/amf/ngap-handler.c:361)
01/18 18:20:42.548: [amf] INFO: [Added] Number of gNB-UEs is now 8 (../src/amf/context.c:2322)
01/18 18:20:42.548: [amf] INFO:     RAN_UE_NGAP_ID[8] AMF_UE_NGAP_ID[8] TAC[1] CellID[0x10] (../src/amf/ngap-handler.c:515)
01/18 18:20:42.548: [amf] INFO: [suci-0-999-70-0000-0-0-0154321053] Unknown UE by SUCI (../src/amf/context.c:1629)
01/18 18:20:42.548: [amf] INFO: [Added] Number of AMF-UEs is now 8 (../src/amf/context.c:1419)
01/18 18:20:42.548: [gmm] INFO: Registration request (../src/amf/gmm-sm.c:544)
01/18 18:20:42.548: [gmm] INFO: [suci-0-999-70-0000-0-0-0154321053]    SUCI (../src/amf/gmm-handler.c:149)
01/18 18:20:42.551: [gmm] WARNING: Authentication failure(Synch failure) (../src/amf/gmm-sm.c:876)
01/18 18:20:42.551: [amf] INFO: InitialUEMessage (../src/amf/ngap-handler.c:361)
01/18 18:20:42.551: [amf] INFO: [Added] Number of gNB-UEs is now 9 (../src/amf/context.c:2322)
01/18 18:20:42.551: [amf] INFO:     RAN_UE_NGAP_ID[9] AMF_UE_NGAP_ID[9] TAC[1] CellID[0x10] (../src/amf/ngap-handler.c:515)
01/18 18:20:42.551: [amf] INFO: [suci-0-999-70-0000-0-0-0154321051] Unknown UE by SUCI (../src/amf/context.c:1629)
01/18 18:20:42.551: [amf] INFO: [Added] Number of AMF-UEs is now 9 (../src/amf/context.c:1419)
01/18 18:20:42.551: [gmm] INFO: Registration request (../src/amf/gmm-sm.c:544)
01/18 18:20:42.551: [gmm] INFO: [suci-0-999-70-0000-0-0-0154321051]    SUCI (../src/amf/gmm-handler.c:149)
01/18 18:20:42.551: [amf] INFO: InitialUEMessage (../src/amf/ngap-handler.c:361)
01/18 18:20:42.551: [amf] INFO: [Added] Number of gNB-UEs is now 10 (../src/amf/context.c:2322)
01/18 18:20:42.551: [amf] INFO:     RAN_UE_NGAP_ID[10] AMF_UE_NGAP_ID[10] TAC[1] CellID[0x10] (../src/amf/ngap-handler.c:515)
01/18 18:20:42.551: [amf] INFO: [suci-0-999-70-0000-0-0-0154321059] Unknown UE by SUCI (../src/amf/context.c:1629)
01/18 18:20:42.551: [amf] INFO: [Added] Number of AMF-UEs is now 10 (../src/amf/context.c:1419)
01/18 18:20:42.551: [gmm] INFO: Registration request (../src/amf/gmm-sm.c:544)
01/18 18:20:42.551: [gmm] INFO: [suci-0-999-70-0000-0-0-0154321059]    SUCI (../src/amf/gmm-handler.c:149)
01/18 18:20:42.552: [gmm] WARNING: Authentication failure(Synch failure) (../src/amf/gmm-sm.c:876)
01/18 18:20:42.552: [gmm] WARNING: Authentication failure(Synch failure) (../src/amf/gmm-sm.c:876)
01/18 18:20:42.552: [gmm] WARNING: Authentication failure(Synch failure) (../src/amf/gmm-sm.c:876)
01/18 18:20:42.554: [gmm] WARNING: Authentication failure(Synch failure) (../src/amf/gmm-sm.c:876)
01/18 18:20:42.556: [gmm] WARNING: Authentication failure(Synch failure) (../src/amf/gmm-sm.c:876)
01/18 18:20:42.556: [amf] INFO: InitialUEMessage (../src/amf/ngap-handler.c:361)
01/18 18:20:42.556: [amf] INFO: [Added] Number of gNB-UEs is now 11 (../src/amf/context.c:2322)
01/18 18:20:42.556: [amf] INFO:     RAN_UE_NGAP_ID[11] AMF_UE_NGAP_ID[11] TAC[1] CellID[0x10] (../src/amf/ngap-handler.c:515)
01/18 18:20:42.556: [amf] INFO: [suci-0-999-70-0000-0-0-0154321050] known UE by SUCI (../src/amf/context.c:1627)
01/18 18:20:42.556: [gmm] INFO: Registration request (../src/amf/gmm-sm.c:544)
01/18 18:20:42.556: [gmm] INFO: [suci-0-999-70-0000-0-0-0154321050]    SUCI (../src/amf/gmm-handler.c:149)
01/18 18:20:42.558: [amf] INFO: [imsi-999700154321050:1] Release SM context [204] (../src/amf/amf-sm.c:475)
01/18 18:20:42.558: [amf] INFO: [Removed] Number of AMF-Sessions is now 0 (../src/amf/context.c:2350)
01/18 18:20:42.559: [amf] INFO: UE Context Release [Action:1] (../src/amf/ngap-handler.c:1571)
01/18 18:20:42.559: [amf] INFO:     RAN_UE_NGAP_ID[1] AMF_UE_NGAP_ID[1] (../src/amf/ngap-handler.c:1572)
01/18 18:20:42.559: [amf] INFO: [Removed] Number of gNB-UEs is now 10 (../src/amf/context.c:2329)
01/18 18:20:42.568: [gmm] WARNING: Authentication failure(Synch failure) (../src/amf/gmm-sm.c:876)
01/18 18:20:42.587: [gmm] INFO: IEF --- ASSOCIATION --- SUPI=[imsi-999700154321052], 5G-S_GUTI={AMF_ID:[0x20040],M_TMSI:[0xec00d723]}, SUCI=[suci-0-999-70-0000-0-0-0154321052], nCGI={pLMNID:[99f907], nCI:[0x10]}, nCGITime=[2023-01-18T17:20:42.541222Z], tAI={pLMNID:[99f907],tAC:[1]}, pEI=[imeisv-4370816125816153], fiveGSTAIList=[32, 153, 249, 7, 0, 0, 1] (../src/amf/gmm-build.c:183)
01/18 18:20:42.592: [gmm] INFO: IEF --- ASSOCIATION --- SUPI=[imsi-999700154321050], 5G-S_GUTI={AMF_ID:[0x20040],M_TMSI:[0xd800ed0f]}, SUCI=[suci-0-999-70-0000-0-0-0154321050], nCGI={pLMNID:[99f907], nCI:[0x10]}, nCGITime=[2023-01-18T17:20:42.556628Z], tAI={pLMNID:[99f907],tAC:[1]}, pEI=[imeisv-4370816125816151], fiveGSTAIList=[32, 153, 249, 7, 0, 0, 1] (../src/amf/gmm-build.c:183)
01/18 18:20:42.592: [gmm] INFO: [imsi-999700154321052] Registration complete (../src/amf/gmm-sm.c:1411)
01/18 18:20:42.592: [amf] INFO: [imsi-999700154321052] Configuration update command (../src/amf/nas-path.c:435)
01/18 18:20:42.592: [gmm] INFO:     UTC [2023-01-18T17:20:42] Timezone[0]/DST[0] (../src/amf/gmm-build.c:574)
01/18 18:20:42.592: [gmm] INFO:     LOCAL [2023-01-18T18:20:42] Timezone[3600]/DST[0] (../src/amf/gmm-build.c:579)
01/18 18:20:42.592: [amf] INFO: [Added] Number of AMF-Sessions is now 1 (../src/amf/context.c:2343)
01/18 18:20:42.592: [gmm] INFO: UE SUPI[imsi-999700154321052] DNN[internet] S_NSSAI[SST:1 SD:0xffffff] (../src/amf/gmm-handler.c:1084)
01/18 18:20:42.593: [gmm] INFO: [imsi-999700154321050] Registration complete (../src/amf/gmm-sm.c:1411)
01/18 18:20:42.593: [amf] INFO: [imsi-999700154321050] Configuration update command (../src/amf/nas-path.c:435)
01/18 18:20:42.593: [gmm] INFO:     UTC [2023-01-18T17:20:42] Timezone[0]/DST[0] (../src/amf/gmm-build.c:574)
01/18 18:20:42.593: [gmm] INFO:     LOCAL [2023-01-18T18:20:42] Timezone[3600]/DST[0] (../src/amf/gmm-build.c:579)
01/18 18:20:42.593: [amf] INFO: [Added] Number of AMF-Sessions is now 2 (../src/amf/context.c:2343)
01/18 18:20:42.593: [gmm] INFO: UE SUPI[imsi-999700154321050] DNN[internet] S_NSSAI[SST:1 SD:0xffffff] (../src/amf/gmm-handler.c:1084)
01/18 18:20:42.596: [gmm] INFO: IEF --- ASSOCIATION --- SUPI=[imsi-999700154321057], 5G-S_GUTI={AMF_ID:[0x20040],M_TMSI:[0xc100f531]}, SUCI=[suci-0-999-70-0000-0-0-0154321057], nCGI={pLMNID:[99f907], nCI:[0x10]}, nCGITime=[2023-01-18T17:20:42.541522Z], tAI={pLMNID:[99f907],tAC:[1]}, pEI=[imeisv-4370816125816158], fiveGSTAIList=[32, 153, 249, 7, 0, 0, 1] (../src/amf/gmm-build.c:183)
01/18 18:20:42.596: [gmm] INFO: IEF --- ASSOCIATION --- SUPI=[imsi-999700154321054], 5G-S_GUTI={AMF_ID:[0x20040],M_TMSI:[0xdb002bf6]}, SUCI=[suci-0-999-70-0000-0-0-0154321054], nCGI={pLMNID:[99f907], nCI:[0x10]}, nCGITime=[2023-01-18T17:20:42.540895Z], tAI={pLMNID:[99f907],tAC:[1]}, pEI=[imeisv-4370816125816155], fiveGSTAIList=[32, 153, 249, 7, 0, 0, 1] (../src/amf/gmm-build.c:183)
01/18 18:20:42.598: [gmm] INFO: IEF --- ASSOCIATION --- SUPI=[imsi-999700154321058], 5G-S_GUTI={AMF_ID:[0x20040],M_TMSI:[0xc0001349]}, SUCI=[suci-0-999-70-0000-0-0-0154321058], nCGI={pLMNID:[99f907], nCI:[0x10]}, nCGITime=[2023-01-18T17:20:42.536879Z], tAI={pLMNID:[99f907],tAC:[1]}, pEI=[imeisv-4370816125816159], fiveGSTAIList=[32, 153, 249, 7, 0, 0, 1] (../src/amf/gmm-build.c:183)
01/18 18:20:42.598: [gmm] INFO: [imsi-999700154321057] Registration complete (../src/amf/gmm-sm.c:1411)
01/18 18:20:42.598: [amf] INFO: [imsi-999700154321057] Configuration update command (../src/amf/nas-path.c:435)
01/18 18:20:42.598: [gmm] INFO:     UTC [2023-01-18T17:20:42] Timezone[0]/DST[0] (../src/amf/gmm-build.c:574)
01/18 18:20:42.598: [gmm] INFO:     LOCAL [2023-01-18T18:20:42] Timezone[3600]/DST[0] (../src/amf/gmm-build.c:579)
01/18 18:20:42.598: [amf] INFO: [Added] Number of AMF-Sessions is now 3 (../src/amf/context.c:2343)
01/18 18:20:42.599: [gmm] INFO: UE SUPI[imsi-999700154321057] DNN[internet] S_NSSAI[SST:1 SD:0xffffff] (../src/amf/gmm-handler.c:1084)
01/18 18:20:42.599: [gmm] INFO: [imsi-999700154321054] Registration complete (../src/amf/gmm-sm.c:1411)
01/18 18:20:42.599: [amf] INFO: [imsi-999700154321054] Configuration update command (../src/amf/nas-path.c:435)
01/18 18:20:42.599: [gmm] INFO:     UTC [2023-01-18T17:20:42] Timezone[0]/DST[0] (../src/amf/gmm-build.c:574)
01/18 18:20:42.599: [gmm] INFO:     LOCAL [2023-01-18T18:20:42] Timezone[3600]/DST[0] (../src/amf/gmm-build.c:579)
01/18 18:20:42.599: [gmm] INFO: IEF --- ASSOCIATION --- SUPI=[imsi-999700154321051], 5G-S_GUTI={AMF_ID:[0x20040],M_TMSI:[0xc800bff6]}, SUCI=[suci-0-999-70-0000-0-0-0154321051], nCGI={pLMNID:[99f907], nCI:[0x10]}, nCGITime=[2023-01-18T17:20:42.551541Z], tAI={pLMNID:[99f907],tAC:[1]}, pEI=[imeisv-4370816125816152], fiveGSTAIList=[32, 153, 249, 7, 0, 0, 1] (../src/amf/gmm-build.c:183)
01/18 18:20:42.599: [amf] INFO: [Added] Number of AMF-Sessions is now 4 (../src/amf/context.c:2343)
01/18 18:20:42.599: [gmm] INFO: UE SUPI[imsi-999700154321054] DNN[internet] S_NSSAI[SST:1 SD:0xffffff] (../src/amf/gmm-handler.c:1084)
01/18 18:20:42.600: [gmm] INFO: IEF --- ASSOCIATION --- SUPI=[imsi-999700154321055], 5G-S_GUTI={AMF_ID:[0x20040],M_TMSI:[0xd30045e8]}, SUCI=[suci-0-999-70-0000-0-0-0154321055], nCGI={pLMNID:[99f907], nCI:[0x10]}, nCGITime=[2023-01-18T17:20:42.546133Z], tAI={pLMNID:[99f907],tAC:[1]}, pEI=[imeisv-4370816125816156], fiveGSTAIList=[32, 153, 249, 7, 0, 0, 1] (../src/amf/gmm-build.c:183)
01/18 18:20:42.602: [gmm] INFO: IEF --- ASSOCIATION --- SUPI=[imsi-999700154321056], 5G-S_GUTI={AMF_ID:[0x20040],M_TMSI:[0xf1003da2]}, SUCI=[suci-0-999-70-0000-0-0-0154321056], nCGI={pLMNID:[99f907], nCI:[0x10]}, nCGITime=[2023-01-18T17:20:42.546595Z], tAI={pLMNID:[99f907],tAC:[1]}, pEI=[imeisv-4370816125816157], fiveGSTAIList=[32, 153, 249, 7, 0, 0, 1] (../src/amf/gmm-build.c:183)
01/18 18:20:42.602: [gmm] INFO: [imsi-999700154321051] Registration complete (../src/amf/gmm-sm.c:1411)
01/18 18:20:42.602: [amf] INFO: [imsi-999700154321051] Configuration update command (../src/amf/nas-path.c:435)
01/18 18:20:42.602: [gmm] INFO:     UTC [2023-01-18T17:20:42] Timezone[0]/DST[0] (../src/amf/gmm-build.c:574)
01/18 18:20:42.602: [gmm] INFO:     LOCAL [2023-01-18T18:20:42] Timezone[3600]/DST[0] (../src/amf/gmm-build.c:579)
01/18 18:20:42.602: [amf] INFO: [Added] Number of AMF-Sessions is now 5 (../src/amf/context.c:2343)
01/18 18:20:42.603: [gmm] INFO: UE SUPI[imsi-999700154321051] DNN[internet] S_NSSAI[SST:1 SD:0xffffff] (../src/amf/gmm-handler.c:1084)
01/18 18:20:42.603: [gmm] INFO: [imsi-999700154321055] Registration complete (../src/amf/gmm-sm.c:1411)
01/18 18:20:42.603: [amf] INFO: [imsi-999700154321055] Configuration update command (../src/amf/nas-path.c:435)
01/18 18:20:42.603: [gmm] INFO:     UTC [2023-01-18T17:20:42] Timezone[0]/DST[0] (../src/amf/gmm-build.c:574)
01/18 18:20:42.603: [gmm] INFO:     LOCAL [2023-01-18T18:20:42] Timezone[3600]/DST[0] (../src/amf/gmm-build.c:579)
01/18 18:20:42.603: [amf] INFO: [Added] Number of AMF-Sessions is now 6 (../src/amf/context.c:2343)
01/18 18:20:42.603: [gmm] INFO: UE SUPI[imsi-999700154321055] DNN[internet] S_NSSAI[SST:1 SD:0xffffff] (../src/amf/gmm-handler.c:1084)
01/18 18:20:42.603: [gmm] INFO: IEF --- ASSOCIATION --- SUPI=[imsi-999700154321053], 5G-S_GUTI={AMF_ID:[0x20040],M_TMSI:[0xf4000616]}, SUCI=[suci-0-999-70-0000-0-0-0154321053], nCGI={pLMNID:[99f907], nCI:[0x10]}, nCGITime=[2023-01-18T17:20:42.548719Z], tAI={pLMNID:[99f907],tAC:[1]}, pEI=[imeisv-4370816125816154], fiveGSTAIList=[32, 153, 249, 7, 0, 0, 1] (../src/amf/gmm-build.c:183)
01/18 18:20:42.603: [gmm] INFO: [imsi-999700154321056] Registration complete (../src/amf/gmm-sm.c:1411)
01/18 18:20:42.603: [amf] INFO: [imsi-999700154321056] Configuration update command (../src/amf/nas-path.c:435)
01/18 18:20:42.603: [gmm] INFO:     UTC [2023-01-18T17:20:42] Timezone[0]/DST[0] (../src/amf/gmm-build.c:574)
01/18 18:20:42.603: [gmm] INFO:     LOCAL [2023-01-18T18:20:42] Timezone[3600]/DST[0] (../src/amf/gmm-build.c:579)
01/18 18:20:42.604: [amf] INFO: [Added] Number of AMF-Sessions is now 7 (../src/amf/context.c:2343)
01/18 18:20:42.604: [gmm] INFO: UE SUPI[imsi-999700154321056] DNN[internet] S_NSSAI[SST:1 SD:0xffffff] (../src/amf/gmm-handler.c:1084)
01/18 18:20:42.614: [gmm] INFO: [imsi-999700154321053] Registration complete (../src/amf/gmm-sm.c:1411)
01/18 18:20:42.614: [amf] INFO: [imsi-999700154321053] Configuration update command (../src/amf/nas-path.c:435)
01/18 18:20:42.614: [gmm] INFO:     UTC [2023-01-18T17:20:42] Timezone[0]/DST[0] (../src/amf/gmm-build.c:574)
01/18 18:20:42.614: [gmm] INFO:     LOCAL [2023-01-18T18:20:42] Timezone[3600]/DST[0] (../src/amf/gmm-build.c:579)
01/18 18:20:42.614: [amf] INFO: [Added] Number of AMF-Sessions is now 8 (../src/amf/context.c:2343)
01/18 18:20:42.614: [gmm] INFO: UE SUPI[imsi-999700154321053] DNN[internet] S_NSSAI[SST:1 SD:0xffffff] (../src/amf/gmm-handler.c:1084)
01/18 18:20:42.614: [gmm] INFO: [imsi-999700154321058] Registration complete (../src/amf/gmm-sm.c:1411)
01/18 18:20:42.614: [amf] INFO: [imsi-999700154321058] Configuration update command (../src/amf/nas-path.c:435)
01/18 18:20:42.614: [gmm] INFO:     UTC [2023-01-18T17:20:42] Timezone[0]/DST[0] (../src/amf/gmm-build.c:574)
01/18 18:20:42.614: [gmm] INFO:     LOCAL [2023-01-18T18:20:42] Timezone[3600]/DST[0] (../src/amf/gmm-build.c:579)
01/18 18:20:42.614: [amf] INFO: [Added] Number of AMF-Sessions is now 9 (../src/amf/context.c:2343)
01/18 18:20:42.614: [gmm] INFO: UE SUPI[imsi-999700154321058] DNN[internet] S_NSSAI[SST:1 SD:0xffffff] (../src/amf/gmm-handler.c:1084)
01/18 18:20:42.623: [gmm] INFO: IEF --- ASSOCIATION --- SUPI=[imsi-999700154321059], 5G-S_GUTI={AMF_ID:[0x20040],M_TMSI:[0xea005dfa]}, SUCI=[suci-0-999-70-0000-0-0-0154321059], nCGI={pLMNID:[99f907], nCI:[0x10]}, nCGITime=[2023-01-18T17:20:42.551869Z], tAI={pLMNID:[99f907],tAC:[1]}, pEI=[imeisv-4370816125816160], fiveGSTAIList=[32, 153, 249, 7, 0, 0, 1] (../src/amf/gmm-build.c:183)
01/18 18:20:42.631: [gmm] INFO: [imsi-999700154321059] Registration complete (../src/amf/gmm-sm.c:1411)
01/18 18:20:42.631: [amf] INFO: [imsi-999700154321059] Configuration update command (../src/amf/nas-path.c:435)
01/18 18:20:42.631: [gmm] INFO:     UTC [2023-01-18T17:20:42] Timezone[0]/DST[0] (../src/amf/gmm-build.c:574)
01/18 18:20:42.631: [gmm] INFO:     LOCAL [2023-01-18T18:20:42] Timezone[3600]/DST[0] (../src/amf/gmm-build.c:579)
01/18 18:20:42.631: [amf] INFO: [Added] Number of AMF-Sessions is now 10 (../src/amf/context.c:2343)
01/18 18:20:42.631: [gmm] INFO: UE SUPI[imsi-999700154321059] DNN[internet] S_NSSAI[SST:1 SD:0xffffff] (../src/amf/gmm-handler.c:1084)
01/18 18:22:49.055: [gmm] INFO: [imsi-999700154321059] Deregistration request (../src/amf/gmm-sm.c:708)
01/18 18:22:49.055: [gmm] INFO: [suci-0-999-70-0000-0-0-0154321059]    SUCI (../src/amf/gmm-handler.c:688)
01/18 18:22:49.058: [amf] INFO: [imsi-999700154321059:1] Release SM context [204] (../src/amf/amf-sm.c:475)
01/18 18:22:49.058: [amf] INFO: [Removed] Number of AMF-Sessions is now 9 (../src/amf/context.c:2350)
01/18 18:22:49.059: [gmm] INFO: IEF --- DEASSOCIATION --- SUPI=[imsi-999700154321059], 5G-S_GUTI={AMF_ID:[0x20040],M_TMSI:[0xea005dfa]}, SUCI=[suci-0-999-70-0000-0-0-0154321059], nCGI={pLMNID:[99f907], nCI:[0x10]}, nCGITime=[2023-01-18T17:20:42.551869Z], tAI={pLMNID:[99f907],tAC:[1]} (../src/amf/gmm-build.c:306)
01/18 18:22:49.059: [amf] INFO: UE Context Release [Action:2] (../src/amf/ngap-handler.c:1571)
01/18 18:22:49.059: [amf] INFO:     RAN_UE_NGAP_ID[10] AMF_UE_NGAP_ID[10] (../src/amf/ngap-handler.c:1572)
01/18 18:22:49.059: [amf] INFO:     SUCI[suci-0-999-70-0000-0-0-0154321059] (../src/amf/ngap-handler.c:1575)
01/18 18:22:49.059: [amf] INFO: [Removed] Number of gNB-UEs is now 9 (../src/amf/context.c:2329)
01/18 18:22:49.259: [amf] INFO: InitialUEMessage (../src/amf/ngap-handler.c:361)
01/18 18:22:49.259: [amf] INFO: [Added] Number of gNB-UEs is now 10 (../src/amf/context.c:2322)
01/18 18:22:49.259: [amf] INFO: Unknown UE by 5G-S_TMSI[AMF_ID:0x20040,M_TMSI:0x5dfa] (../src/amf/ngap-handler.c:437)
01/18 18:22:49.259: [amf] INFO:     RAN_UE_NGAP_ID[12] AMF_UE_NGAP_ID[12] TAC[1] CellID[0x10] (../src/amf/ngap-handler.c:515)
01/18 18:22:49.259: [amf] INFO: [suci-0-999-70-0000-0-0-0154321059] Known UE by 5G-S_TMSI[AMF_ID:0x20040,M_TMSI:0xea005dfa] (../src/amf/context.c:1643)
01/18 18:22:49.259: [gmm] INFO: Registration request (../src/amf/gmm-sm.c:544)
01/18 18:22:49.259: [gmm] INFO: [suci-0-999-70-0000-0-0-0154321059]    5G-S_GUTI[AMF_ID:0x20040,M_TMSI:0xea005dfa] (../src/amf/gmm-handler.c:162)
01/18 18:22:49.270: [gmm] INFO: IEF --- ASSOCIATION --- SUPI=[imsi-999700154321059], 5G-S_GUTI={AMF_ID:[0x20040],M_TMSI:[0xfa008659]}, SUCI=[suci-0-999-70-0000-0-0-0154321059], nCGI={pLMNID:[99f907], nCI:[0x10]}, nCGITime=[2023-01-18T17:22:49.259996Z], tAI={pLMNID:[99f907],tAC:[1]}, pEI=[imeisv-4370816125816160], fiveGSTAIList=[32, 153, 249, 7, 0, 0, 1] (../src/amf/gmm-build.c:183)
01/18 18:22:49.471: [gmm] INFO: [imsi-999700154321059] Registration complete (../src/amf/gmm-sm.c:1411)
01/18 18:22:49.471: [amf] INFO: [imsi-999700154321059] Configuration update command (../src/amf/nas-path.c:435)
01/18 18:22:49.471: [gmm] INFO:     UTC [2023-01-18T17:22:49] Timezone[0]/DST[0] (../src/amf/gmm-build.c:574)
01/18 18:22:49.471: [gmm] INFO:     LOCAL [2023-01-18T18:22:49] Timezone[3600]/DST[0] (../src/amf/gmm-build.c:579)
01/18 18:22:49.472: [amf] INFO: [Added] Number of AMF-Sessions is now 10 (../src/amf/context.c:2343)
01/18 18:22:49.472: [gmm] INFO: UE SUPI[imsi-999700154321059] DNN[internet] S_NSSAI[SST:1 SD:0xffffff] (../src/amf/gmm-handler.c:1084)
01/18 18:22:53.610: [gmm] INFO: [imsi-999700154321050] Deregistration request (../src/amf/gmm-sm.c:708)
01/18 18:22:53.610: [gmm] INFO: [suci-0-999-70-0000-0-0-0154321050]    SUCI (../src/amf/gmm-handler.c:688)
01/18 18:22:53.612: [amf] INFO: [imsi-999700154321050:1] Release SM context [204] (../src/amf/amf-sm.c:475)
01/18 18:22:53.612: [amf] INFO: [Removed] Number of AMF-Sessions is now 9 (../src/amf/context.c:2350)
01/18 18:22:53.612: [gmm] INFO: IEF --- DEASSOCIATION --- SUPI=[imsi-999700154321050], 5G-S_GUTI={AMF_ID:[0x20040],M_TMSI:[0xd800ed0f]}, SUCI=[suci-0-999-70-0000-0-0-0154321050], nCGI={pLMNID:[99f907], nCI:[0x10]}, nCGITime=[2023-01-18T17:20:42.556628Z], tAI={pLMNID:[99f907],tAC:[1]} (../src/amf/gmm-build.c:306)
01/18 18:22:53.613: [amf] INFO: UE Context Release [Action:2] (../src/amf/ngap-handler.c:1571)
01/18 18:22:53.613: [amf] INFO:     RAN_UE_NGAP_ID[11] AMF_UE_NGAP_ID[11] (../src/amf/ngap-handler.c:1572)
01/18 18:22:53.613: [amf] INFO:     SUCI[suci-0-999-70-0000-0-0-0154321050] (../src/amf/ngap-handler.c:1575)
01/18 18:22:53.613: [amf] INFO: [Removed] Number of gNB-UEs is now 9 (../src/amf/context.c:2329)
01/18 18:22:53.815: [amf] INFO: InitialUEMessage (../src/amf/ngap-handler.c:361)
01/18 18:22:53.815: [amf] INFO: [Added] Number of gNB-UEs is now 10 (../src/amf/context.c:2322)
01/18 18:22:53.815: [amf] INFO: Unknown UE by 5G-S_TMSI[AMF_ID:0x20040,M_TMSI:0xed0f] (../src/amf/ngap-handler.c:437)
01/18 18:22:53.815: [amf] INFO:     RAN_UE_NGAP_ID[13] AMF_UE_NGAP_ID[13] TAC[1] CellID[0x10] (../src/amf/ngap-handler.c:515)
01/18 18:22:53.815: [amf] INFO: [suci-0-999-70-0000-0-0-0154321050] Known UE by 5G-S_TMSI[AMF_ID:0x20040,M_TMSI:0xd800ed0f] (../src/amf/context.c:1643)
01/18 18:22:53.815: [gmm] INFO: Registration request (../src/amf/gmm-sm.c:544)
01/18 18:22:53.816: [gmm] INFO: [suci-0-999-70-0000-0-0-0154321050]    5G-S_GUTI[AMF_ID:0x20040,M_TMSI:0xd800ed0f] (../src/amf/gmm-handler.c:162)
01/18 18:22:53.826: [gmm] INFO: IEF --- ASSOCIATION --- SUPI=[imsi-999700154321050], 5G-S_GUTI={AMF_ID:[0x20040],M_TMSI:[0xd400e4f6]}, SUCI=[suci-0-999-70-0000-0-0-0154321050], nCGI={pLMNID:[99f907], nCI:[0x10]}, nCGITime=[2023-01-18T17:22:53.816011Z], tAI={pLMNID:[99f907],tAC:[1]}, pEI=[imeisv-4370816125816151], fiveGSTAIList=[32, 153, 249, 7, 0, 0, 1] (../src/amf/gmm-build.c:183)
01/18 18:22:54.027: [gmm] INFO: [imsi-999700154321050] Registration complete (../src/amf/gmm-sm.c:1411)
01/18 18:22:54.027: [amf] INFO: [imsi-999700154321050] Configuration update command (../src/amf/nas-path.c:435)
01/18 18:22:54.027: [gmm] INFO:     UTC [2023-01-18T17:22:54] Timezone[0]/DST[0] (../src/amf/gmm-build.c:574)
01/18 18:22:54.027: [gmm] INFO:     LOCAL [2023-01-18T18:22:54] Timezone[3600]/DST[0] (../src/amf/gmm-build.c:579)
01/18 18:22:54.028: [amf] INFO: [Added] Number of AMF-Sessions is now 10 (../src/amf/context.c:2343)
01/18 18:22:54.028: [gmm] INFO: UE SUPI[imsi-999700154321050] DNN[internet] S_NSSAI[SST:1 SD:0xffffff] (../src/amf/gmm-handler.c:1084)
01/18 18:22:57.341: [gmm] INFO: [imsi-999700154321052] Deregistration request (../src/amf/gmm-sm.c:708)
01/18 18:22:57.341: [gmm] INFO: [suci-0-999-70-0000-0-0-0154321052]    SUCI (../src/amf/gmm-handler.c:688)
01/18 18:22:57.343: [amf] INFO: [imsi-999700154321052:1] Release SM context [204] (../src/amf/amf-sm.c:475)
01/18 18:22:57.343: [amf] INFO: [Removed] Number of AMF-Sessions is now 9 (../src/amf/context.c:2350)
01/18 18:22:57.343: [gmm] INFO: IEF --- DEASSOCIATION --- SUPI=[imsi-999700154321052], 5G-S_GUTI={AMF_ID:[0x20040],M_TMSI:[0xec00d723]}, SUCI=[suci-0-999-70-0000-0-0-0154321052], nCGI={pLMNID:[99f907], nCI:[0x10]}, nCGITime=[2023-01-18T17:20:42.541222Z], tAI={pLMNID:[99f907],tAC:[1]} (../src/amf/gmm-build.c:306)
01/18 18:22:57.344: [amf] INFO: UE Context Release [Action:2] (../src/amf/ngap-handler.c:1571)
01/18 18:22:57.344: [amf] INFO:     RAN_UE_NGAP_ID[4] AMF_UE_NGAP_ID[4] (../src/amf/ngap-handler.c:1572)
01/18 18:22:57.344: [amf] INFO:     SUCI[suci-0-999-70-0000-0-0-0154321052] (../src/amf/ngap-handler.c:1575)
01/18 18:22:57.344: [amf] INFO: [Removed] Number of gNB-UEs is now 9 (../src/amf/context.c:2329)
01/18 18:22:57.547: [amf] INFO: InitialUEMessage (../src/amf/ngap-handler.c:361)
01/18 18:22:57.547: [amf] INFO: [Added] Number of gNB-UEs is now 10 (../src/amf/context.c:2322)
01/18 18:22:57.547: [amf] INFO: Unknown UE by 5G-S_TMSI[AMF_ID:0x20040,M_TMSI:0xd723] (../src/amf/ngap-handler.c:437)
01/18 18:22:57.548: [amf] INFO:     RAN_UE_NGAP_ID[14] AMF_UE_NGAP_ID[14] TAC[1] CellID[0x10] (../src/amf/ngap-handler.c:515)
01/18 18:22:57.548: [amf] INFO: [suci-0-999-70-0000-0-0-0154321052] Known UE by 5G-S_TMSI[AMF_ID:0x20040,M_TMSI:0xec00d723] (../src/amf/context.c:1643)
01/18 18:22:57.548: [gmm] INFO: Registration request (../src/amf/gmm-sm.c:544)
01/18 18:22:57.548: [gmm] INFO: [suci-0-999-70-0000-0-0-0154321052]    5G-S_GUTI[AMF_ID:0x20040,M_TMSI:0xec00d723] (../src/amf/gmm-handler.c:162)
01/18 18:22:57.559: [gmm] INFO: IEF --- ASSOCIATION --- SUPI=[imsi-999700154321052], 5G-S_GUTI={AMF_ID:[0x20040],M_TMSI:[0xd8002672]}, SUCI=[suci-0-999-70-0000-0-0-0154321052], nCGI={pLMNID:[99f907], nCI:[0x10]}, nCGITime=[2023-01-18T17:22:57.548086Z], tAI={pLMNID:[99f907],tAC:[1]}, pEI=[imeisv-4370816125816153], fiveGSTAIList=[32, 153, 249, 7, 0, 0, 1] (../src/amf/gmm-build.c:183)
01/18 18:22:57.759: [gmm] INFO: [imsi-999700154321052] Registration complete (../src/amf/gmm-sm.c:1411)
01/18 18:22:57.759: [amf] INFO: [imsi-999700154321052] Configuration update command (../src/amf/nas-path.c:435)
01/18 18:22:57.759: [gmm] INFO:     UTC [2023-01-18T17:22:57] Timezone[0]/DST[0] (../src/amf/gmm-build.c:574)
01/18 18:22:57.759: [gmm] INFO:     LOCAL [2023-01-18T18:22:57] Timezone[3600]/DST[0] (../src/amf/gmm-build.c:579)
01/18 18:22:57.760: [amf] INFO: [Added] Number of AMF-Sessions is now 10 (../src/amf/context.c:2343)
01/18 18:22:57.760: [gmm] INFO: UE SUPI[imsi-999700154321052] DNN[internet] S_NSSAI[SST:1 SD:0xffffff] (../src/amf/gmm-handler.c:1084)
01/18 18:20:42.602: [gmm] INFO: IEF --- ASSOCIATION --- SUPI=[imsi-999700154321056], 5G-S_GUTI={AMF_ID:[0x20040],M_TMSI:[0xf1003da2]}, SUCI=[suci-0-999-70-0000-0-0-0154321056], nCGI={pLMNID:[99f907], nCI:[0x10]}, nCGITime=[2023-01-18T17:20:42.546595Z], tAI={pLMNID:[99f907],tAC:[1]}, pEI=[imeisv-4370816125816157], fiveGSTAIList=[32, 153, 249, 7, 0, 0, 1] (../src/amf/gmm-build.c:183)
01/18 18:20:42.602: [gmm] INFO: IEF --- ASSOCIATION --- SUPI=[imsi-999700154321056], 5G-S_GUTI={AMF_ID:[0x20040],M_TMSI:[0xf1003da2]}, SUCI=[suci-0-999-70-0000-0-0-0154321056], nCGI={pLMNID:[99f907], nCI:[0x10]}, nCGITime=[2023-01-18T17:20:42.546595Z], tAI={pLMNID:[99f907],tAC:[1]}, pEI=[imeisv-4370816125816157], fiveGSTAIList=[32, 153, 249, 7, 0, 0, 1] (../src/amf/gmm-build.c:183)
01/18 18:20:42.602: [gmm] INFO: IEF --- ASSOCIATION --- SUPI=[imsi-999700154321056], 5G-S_GUTI={AMF_ID:[0x20040],M_TMSI:[0xf1003da2]}, SUCI=[suci-0-999-70-0000-0-0-0154321056], nCGI={pLMNID:[99f907], nCI:[0x10]}, nCGITime=[2023-01-18T17:20:42.546595Z], tAI={pLMNID:[99f907],tAC:[1]}, pEI=[imeisv-4370816125816157], fiveGSTAIList=[32, 153, 249, 7, 0, 0, 1] (../src/amf/gmm-build.c:183)
01/18 18:22:57.343: [gmm] INFO: IEF --- DEASSOCIATION --- SUPI=[imsi-999700154321052], 5G-S_GUTI={AMF_ID:[0x20040],M_TMSI:[0xec00d723]}, SUCI=[suci-0-999-70-0000-0-0-0154321052], nCGI={pLMNID:[99f907], nCI:[0x10]}, nCGITime=[2023-01-18T17:20:42.541222Z], tAI={pLMNID:[99f907],tAC:[1]} (../src/amf/gmm-build.c:306)
01/18 18:22:57.343: [gmm] INFO: IEF --- DEASSOCIATION --- SUPI=[imsi-999700154321052], 5G-S_GUTI={AMF_ID:[0x20040],M_TMSI:[0xec00d723]}, SUCI=[suci-0-999-70-0000-0-0-0154321052], nCGI={pLMNID:[99f907], nCI:[0x10]}, nCGITime=[2023-01-18T17:20:42.541222Z], tAI={pLMNID:[99f907],tAC:[1]} (../src/amf/gmm-build.c:306)
01/18 18:20:42.602: [gmm] INFO: IEF --- ASSOCIATION --- SUPI=[imsi-999700154321056], 5G-S_GUTI={AMF_ID:[0x20040],M_TMSI:[0xf1003da2]}, SUCI=[suci-0-999-70-0000-0-0-0154321056], nCGI={pLMNID:[99f907], nCI:[0x10]}, nCGITime=[2023-01-18T17:20:42.546595Z], tAI={pLMNID:[99f907],tAC:[1]}, pEI=[imeisv-4370816125816157], fiveGSTAIList=[32, 153, 249, 7, 0, 0, 1] (../src/amf/gmm-build.c:183)
01/18 18:20:42.602: [gmm] INFO: IEF --- ASSOCIATION --- SUPI=[imsi-999700154321040], 5G-S_GUTI={AMF_ID:[0x20040],M_TMSI:[0xf1003da2]}, SUCI=[suci-0-999-70-0000-0-0-0154321056], nCGI={pLMNID:[99f907], nCI:[0x10]}, nCGITime=[2023-01-18T17:20:42.546595Z], tAI={pLMNID:[99f907],tAC:[1]}, pEI=[imeisv-4370816125816157], fiveGSTAIList=[32, 153, 249, 7, 0, 0, 1] (../src/amf/gmm-build.c:183)
01/18 18:20:42.602: [gmm] INFO: IEF --- ASSOCIATION --- SUPI=[imsi-999700154321040], 5G-S_GUTI={AMF_ID:[0x20040],M_TMSI:[0xf1003da2]}, SUCI=[suci-0-999-70-0000-0-0-0154321056], nCGI={pLMNID:[99f907], nCI:[0x10]}, nCGITime=[2023-01-18T17:20:42.546595Z], tAI={pLMNID:[99f907],tAC:[1]}, pEI=[imeisv-4370816125816157], fiveGSTAIList=[32, 153, 249, 7, 0, 0, 1] (../src/amf/gmm-build.c:183)
01/18 18:22:57.343: [gmm] INFO: IEF --- DEASSOCIATION --- SUPI=[imsi-999700154321052], 5G-S_GUTI={AMF_ID:[0x20040],M_TMSI:[0xec00d723]}, SUCI=[suci-0-999-70-0000-0-0-0154321052], nCGI={pLMNID:[99f907], nCI:[0x10]}, nCGITime=[2023-01-18T17:20:42.541222Z], tAI={pLMNID:[99f907],tAC:[1]} (../src/amf/gmm-build.c:306)
01/18 18:22:57.343: [gmm] INFO: IEF --- DEASSOCIATION --- SUPI=[imsi-999700154321052], 5G-S_GUTI={AMF_ID:[0x20040],M_TMSI:[0xec00d723]}, SUCI=[suci-0-999-70-0000-0-0-0154321052], nCGI={pLMNID:[99f907], nCI:[0x10]}, nCGITime=[2023-01-18T17:20:42.541222Z], tAI={pLMNID:[99f907],tAC:[1]} (../src/amf/gmm-build.c:306)
01/18 18:22:57.343: [gmm] INFO: IEF --- DEASSOCIATION --- SUPI=[imsi-999700154321052], 5G-S_GUTI={AMF_ID:[0x20040],M_TMSI:[0xec00d723]}, SUCI=[suci-0-999-70-0000-0-0-0154321052], nCGI={pLMNID:[99f907], nCI:[0x10]}, nCGITime=[2023-01-18T17:20:42.541222Z], tAI={pLMNID:[99f907],tAC:[1]} (../src/amf/gmm-build.c:306)
01/18 18:22:57.343: [gmm] INFO: IEF --- DEASSOCIATION --- SUPI=[imsi-999700154321052], 5G-S_GUTI={AMF_ID:[0x20040],M_TMSI:[0xec00d723]}, SUCI=[suci-0-999-70-0000-0-0-0154321052], nCGI={pLMNID:[99f907], nCI:[0x10]}, nCGITime=[2023-01-18T17:20:42.541222Z], tAI={pLMNID:[99f907],tAC:[1]} (../src/amf/gmm-build.c:306)
01/18 18:22:57.343: [gmm] INFO: IEF --- DEASSOCIATION --- SUPI=[imsi-999700154321052], 5G-S_GUTI={AMF_ID:[0x20040],M_TMSI:[0xec00d723]}, SUCI=[suci-0-999-70-0000-0-0-0154321052], nCGI={pLMNID:[99f907], nCI:[0x10]}, nCGITime=[2023-01-18T17:20:42.541222Z], tAI={pLMNID:[99f907],tAC:[1]} (../src/amf/gmm-build.c:306)
